<?xml version="1.0" encoding="UTF-8"?>
<!-- Generated by org.testng.reporters.JUnitReportReporter -->
<testsuite hostname="DESKTOP-ND82J18" failures="0" tests="1" name="com.qa.fifa.SearchTest" time="6.300" errors="0" timestamp="2022-12-04T12:03:08 EST" skipped="0">
  <testcase classname="com.qa.fifa.SearchTest" name="ValidateSearch" time="6.300"/>
  <system-out/>
</testsuite> <!-- com.qa.fifa.SearchTest -->
